2018-08-17 11:22:07.805 [restartedMain] DEBUG com.bob.Application - Running with Spring Boot v2.0.3.RELEASE, Spring v5.0.7.RELEASE
2018-08-17 11:22:58.065 [http-nio-8080-exec-9] DEBUG c.bob.o2o.dao.ShopCategoryMapper.queryShopCategory - ==>  Preparing: select * FROM `tb_shop_category` WHERE parent_id is null order by priority desc 
2018-08-17 11:22:58.140 [http-nio-8080-exec-9] DEBUG c.bob.o2o.dao.ShopCategoryMapper.queryShopCategory - ==> Parameters: 
2018-08-17 11:22:58.249 [http-nio-8080-exec-9] DEBUG c.bob.o2o.dao.ShopCategoryMapper.queryShopCategory - <==      Total: 2
2018-08-17 11:22:58.267 [http-nio-8080-exec-9] DEBUG com.bob.o2o.dao.HeadLineMapper.queryHeadLineList - ==>  Preparing: SELECT `line_id`, `line_name`, `line_link`, `line_img`, `priority`, `enable_status`, `create_time`, `last_edit_time` FROM `tb_head_line` WHERE enable_status = ? 
2018-08-17 11:22:58.268 [http-nio-8080-exec-9] DEBUG com.bob.o2o.dao.HeadLineMapper.queryHeadLineList - ==> Parameters: 1(Integer)
2018-08-17 11:22:58.278 [http-nio-8080-exec-9] DEBUG com.bob.o2o.dao.HeadLineMapper.queryHeadLineList - <==      Total: 2
2018-08-17 11:24:15.384 [http-nio-8080-exec-3] DEBUG c.bob.o2o.dao.ShopCategoryMapper.queryShopCategory - ==>  Preparing: select * FROM `tb_shop_category` WHERE parent_id is null order by priority desc 
2018-08-17 11:24:15.385 [http-nio-8080-exec-3] DEBUG c.bob.o2o.dao.ShopCategoryMapper.queryShopCategory - ==> Parameters: 
2018-08-17 11:24:15.387 [http-nio-8080-exec-3] DEBUG c.bob.o2o.dao.ShopCategoryMapper.queryShopCategory - <==      Total: 2
2018-08-17 11:24:15.388 [http-nio-8080-exec-3] DEBUG com.bob.o2o.dao.HeadLineMapper.queryHeadLineList - ==>  Preparing: SELECT `line_id`, `line_name`, `line_link`, `line_img`, `priority`, `enable_status`, `create_time`, `last_edit_time` FROM `tb_head_line` WHERE enable_status = ? 
2018-08-17 11:24:15.389 [http-nio-8080-exec-3] DEBUG com.bob.o2o.dao.HeadLineMapper.queryHeadLineList - ==> Parameters: 1(Integer)
2018-08-17 11:24:15.391 [http-nio-8080-exec-3] DEBUG com.bob.o2o.dao.HeadLineMapper.queryHeadLineList - <==      Total: 2
2018-08-17 14:59:38.981 [http-nio-8080-exec-4] DEBUG com.bob.o2o.dao.ShopMapper.queryShopList - ==>  Preparing: SELECT s.`shop_id`, s.`shop_name`, s.`shop_desc`, s.`shop_addr`, s.`phone`, s.`shop_img`, s.`priority`, s.`create_time`, s.`last_edit_time`, s.`enable_status`, s.`advice`, a.`area_id`, a.area_name, sc.`shop_category_id`, sc.shop_category_name FROM `tb_shop` s, tb_area a, tb_shop_category sc WHERE s.owner_id = ? and s.area_id = a.area_id and s.shop_category_id = sc.shop_category_id order by s.priority desc limit ?,? 
2018-08-17 14:59:38.983 [http-nio-8080-exec-4] DEBUG com.bob.o2o.dao.ShopMapper.queryShopList - ==> Parameters: 1(Long), 0(Integer), 100(Integer)
2018-08-17 14:59:39.077 [http-nio-8080-exec-4] DEBUG com.bob.o2o.dao.ShopMapper.queryShopList - <==      Total: 31
2018-08-17 14:59:39.079 [http-nio-8080-exec-4] DEBUG com.bob.o2o.dao.ShopMapper.queryShopCount - ==>  Preparing: select count(1) from `tb_shop` s, tb_area a, tb_shop_category sc WHERE s.owner_id = ? and s.area_id = a.area_id and s.shop_category_id = sc.shop_category_id 
2018-08-17 14:59:39.081 [http-nio-8080-exec-4] DEBUG com.bob.o2o.dao.ShopMapper.queryShopCount - ==> Parameters: 1(Long)
2018-08-17 14:59:39.093 [http-nio-8080-exec-4] DEBUG com.bob.o2o.dao.ShopMapper.queryShopCount - <==      Total: 1
2018-08-17 15:07:18.186 [restartedMain] DEBUG com.bob.Application - Running with Spring Boot v2.0.3.RELEASE, Spring v5.0.7.RELEASE
2018-08-17 15:07:46.745 [http-nio-8080-exec-2] DEBUG com.bob.o2o.dao.ShopMapper.queryShopList - ==>  Preparing: SELECT s.`shop_id`, s.`shop_name`, s.`shop_desc`, s.`shop_addr`, s.`phone`, s.`shop_img`, s.`priority`, s.`create_time`, s.`last_edit_time`, s.`enable_status`, s.`advice`, a.`area_id`, a.area_name, sc.`shop_category_id`, sc.shop_category_name FROM `tb_shop` s, tb_area a, tb_shop_category sc WHERE s.area_id = a.area_id and s.shop_category_id = sc.shop_category_id order by s.priority desc limit ?,? 
2018-08-17 15:07:46.782 [http-nio-8080-exec-2] DEBUG com.bob.o2o.dao.ShopMapper.queryShopList - ==> Parameters: 0(Integer), 100(Integer)
2018-08-17 15:07:46.826 [http-nio-8080-exec-2] DEBUG com.bob.o2o.dao.ShopMapper.queryShopList - <==      Total: 31
2018-08-17 15:07:46.834 [http-nio-8080-exec-2] DEBUG com.bob.o2o.dao.ShopMapper.queryShopCount - ==>  Preparing: select count(1) from `tb_shop` s, tb_area a, tb_shop_category sc WHERE s.area_id = a.area_id and s.shop_category_id = sc.shop_category_id 
2018-08-17 15:07:46.834 [http-nio-8080-exec-2] DEBUG com.bob.o2o.dao.ShopMapper.queryShopCount - ==> Parameters: 
2018-08-17 15:07:46.836 [http-nio-8080-exec-2] DEBUG com.bob.o2o.dao.ShopMapper.queryShopCount - <==      Total: 1
2018-08-17 15:07:59.491 [http-nio-8080-exec-2] DEBUG com.bob.o2o.dao.ProductMapper.queryProductList - ==>  Preparing: select `product_id`, `product_name`, `product_desc`, `img_addr`, `normal_price`, `promotion_price`, `priority`, `create_time`, `last_edit_time`, `enable_status`, `product_category_id`, `shop_id` from `tb_product` WHERE shop_id = ? order by priority desc limit ?,?; 
2018-08-17 15:07:59.491 [http-nio-8080-exec-2] DEBUG com.bob.o2o.dao.ProductMapper.queryProductList - ==> Parameters: 6(Long), 0(Integer), 100(Integer)
2018-08-17 15:07:59.493 [http-nio-8080-exec-2] DEBUG com.bob.o2o.dao.ProductMapper.queryProductList - <==      Total: 0
2018-08-17 15:07:59.494 [http-nio-8080-exec-2] DEBUG com.bob.o2o.dao.ProductMapper.queryProductCount - ==>  Preparing: select count(1) from tb_product WHERE shop_id = ? 
2018-08-17 15:07:59.495 [http-nio-8080-exec-2] DEBUG com.bob.o2o.dao.ProductMapper.queryProductCount - ==> Parameters: 6(Long)
2018-08-17 15:07:59.495 [http-nio-8080-exec-2] DEBUG com.bob.o2o.dao.ProductMapper.queryProductCount - <==      Total: 1
2018-08-17 15:08:01.922 [http-nio-8080-exec-6] DEBUG com.bob.o2o.dao.ShopMapper.queryByShopId - ==>  Preparing: SELECT s.`shop_id`, s.`shop_name`, s.`shop_desc`, s.`shop_addr`, s.`phone`, s.`shop_img`, s.`priority`, s.`create_time`, s.`last_edit_time`, s.`enable_status`, s.`advice`, a.`area_id`, a.area_name, sc.`shop_category_id`, sc.shop_category_name FROM `tb_shop` s, tb_area a, tb_shop_category sc where s.area_id = a.area_id and s.shop_category_id = sc.shop_category_id and s.shop_id = ? 
2018-08-17 15:08:01.924 [http-nio-8080-exec-6] DEBUG com.bob.o2o.dao.ShopMapper.queryByShopId - ==> Parameters: 6(Long)
2018-08-17 15:08:01.926 [http-nio-8080-exec-6] DEBUG com.bob.o2o.dao.ShopMapper.queryByShopId - <==      Total: 1
2018-08-17 15:08:01.927 [http-nio-8080-exec-6] DEBUG com.bob.o2o.dao.AreaMapper.findAll - ==>  Preparing: SELECT * FROM tb_area ORDER BY priority DESC 
2018-08-17 15:08:01.927 [http-nio-8080-exec-6] DEBUG com.bob.o2o.dao.AreaMapper.findAll - ==> Parameters: 
2018-08-17 15:08:01.930 [http-nio-8080-exec-6] DEBUG com.bob.o2o.dao.AreaMapper.findAll - <==      Total: 4
2018-08-17 15:08:16.171 [http-nio-8080-exec-4] DEBUG c.b.o.d.P.queryProductCategoryByShopId - ==>  Preparing: SELECT `product_category_id`, `product_category_name`, `priority`, `create_time` FROM `tb_product_category` where shop_id = ? order by priority desc 
2018-08-17 15:08:16.171 [http-nio-8080-exec-4] DEBUG c.b.o.d.P.queryProductCategoryByShopId - ==> Parameters: 44(Long)
2018-08-17 15:08:16.173 [http-nio-8080-exec-4] DEBUG c.b.o.d.P.queryProductCategoryByShopId - <==      Total: 2
2018-08-17 15:08:18.575 [http-nio-8080-exec-9] DEBUG com.bob.o2o.dao.ProductMapper.queryProductList - ==>  Preparing: select `product_id`, `product_name`, `product_desc`, `img_addr`, `normal_price`, `promotion_price`, `priority`, `create_time`, `last_edit_time`, `enable_status`, `product_category_id`, `shop_id` from `tb_product` WHERE shop_id = ? order by priority desc limit ?,?; 
2018-08-17 15:08:18.575 [http-nio-8080-exec-9] DEBUG com.bob.o2o.dao.ProductMapper.queryProductList - ==> Parameters: 44(Long), 0(Integer), 100(Integer)
2018-08-17 15:08:18.600 [http-nio-8080-exec-9] DEBUG com.bob.o2o.dao.ProductMapper.queryProductList - <==      Total: 23
2018-08-17 15:08:18.601 [http-nio-8080-exec-9] DEBUG com.bob.o2o.dao.ProductMapper.queryProductCount - ==>  Preparing: select count(1) from tb_product WHERE shop_id = ? 
2018-08-17 15:08:18.601 [http-nio-8080-exec-9] DEBUG com.bob.o2o.dao.ProductMapper.queryProductCount - ==> Parameters: 44(Long)
2018-08-17 15:08:18.602 [http-nio-8080-exec-9] DEBUG com.bob.o2o.dao.ProductMapper.queryProductCount - <==      Total: 1
2018-08-17 15:08:29.293 [http-nio-8080-exec-2] DEBUG com.bob.o2o.dao.ShopMapper.queryByShopId - ==>  Preparing: SELECT s.`shop_id`, s.`shop_name`, s.`shop_desc`, s.`shop_addr`, s.`phone`, s.`shop_img`, s.`priority`, s.`create_time`, s.`last_edit_time`, s.`enable_status`, s.`advice`, a.`area_id`, a.area_name, sc.`shop_category_id`, sc.shop_category_name FROM `tb_shop` s, tb_area a, tb_shop_category sc where s.area_id = a.area_id and s.shop_category_id = sc.shop_category_id and s.shop_id = ? 
2018-08-17 15:08:29.294 [http-nio-8080-exec-2] DEBUG com.bob.o2o.dao.ShopMapper.queryByShopId - ==> Parameters: 44(Long)
2018-08-17 15:08:29.295 [http-nio-8080-exec-2] DEBUG com.bob.o2o.dao.ShopMapper.queryByShopId - <==      Total: 1
2018-08-17 15:08:29.296 [http-nio-8080-exec-2] DEBUG com.bob.o2o.dao.AreaMapper.findAll - ==>  Preparing: SELECT * FROM tb_area ORDER BY priority DESC 
2018-08-17 15:08:29.296 [http-nio-8080-exec-2] DEBUG com.bob.o2o.dao.AreaMapper.findAll - ==> Parameters: 
2018-08-17 15:08:29.297 [http-nio-8080-exec-2] DEBUG com.bob.o2o.dao.AreaMapper.findAll - <==      Total: 4
2018-08-17 15:08:31.686 [http-nio-8080-exec-6] DEBUG com.bob.o2o.dao.ProductMapper.queryProductList - ==>  Preparing: select `product_id`, `product_name`, `product_desc`, `img_addr`, `normal_price`, `promotion_price`, `priority`, `create_time`, `last_edit_time`, `enable_status`, `product_category_id`, `shop_id` from `tb_product` WHERE shop_id = ? order by priority desc limit ?,?; 
2018-08-17 15:08:31.687 [http-nio-8080-exec-6] DEBUG com.bob.o2o.dao.ProductMapper.queryProductList - ==> Parameters: 44(Long), 0(Integer), 100(Integer)
2018-08-17 15:08:31.697 [http-nio-8080-exec-6] DEBUG com.bob.o2o.dao.ProductMapper.queryProductList - <==      Total: 23
2018-08-17 15:08:31.698 [http-nio-8080-exec-6] DEBUG com.bob.o2o.dao.ProductMapper.queryProductCount - ==>  Preparing: select count(1) from tb_product WHERE shop_id = ? 
2018-08-17 15:08:31.698 [http-nio-8080-exec-6] DEBUG com.bob.o2o.dao.ProductMapper.queryProductCount - ==> Parameters: 44(Long)
2018-08-17 15:08:31.699 [http-nio-8080-exec-6] DEBUG com.bob.o2o.dao.ProductMapper.queryProductCount - <==      Total: 1
2018-08-17 15:08:54.010 [http-nio-8080-exec-7] DEBUG com.bob.o2o.dao.ShopMapper.queryShopList - ==>  Preparing: SELECT s.`shop_id`, s.`shop_name`, s.`shop_desc`, s.`shop_addr`, s.`phone`, s.`shop_img`, s.`priority`, s.`create_time`, s.`last_edit_time`, s.`enable_status`, s.`advice`, a.`area_id`, a.area_name, sc.`shop_category_id`, sc.shop_category_name FROM `tb_shop` s, tb_area a, tb_shop_category sc WHERE s.area_id = a.area_id and s.shop_category_id = sc.shop_category_id order by s.priority desc limit ?,? 
2018-08-17 15:08:54.011 [http-nio-8080-exec-7] DEBUG com.bob.o2o.dao.ShopMapper.queryShopList - ==> Parameters: 0(Integer), 100(Integer)
2018-08-17 15:08:54.021 [http-nio-8080-exec-7] DEBUG com.bob.o2o.dao.ShopMapper.queryShopList - <==      Total: 31
2018-08-17 15:08:54.022 [http-nio-8080-exec-7] DEBUG com.bob.o2o.dao.ShopMapper.queryShopCount - ==>  Preparing: select count(1) from `tb_shop` s, tb_area a, tb_shop_category sc WHERE s.area_id = a.area_id and s.shop_category_id = sc.shop_category_id 
2018-08-17 15:08:54.023 [http-nio-8080-exec-7] DEBUG com.bob.o2o.dao.ShopMapper.queryShopCount - ==> Parameters: 
2018-08-17 15:08:54.023 [http-nio-8080-exec-7] DEBUG com.bob.o2o.dao.ShopMapper.queryShopCount - <==      Total: 1
2018-08-17 15:11:15.645 [restartedMain] DEBUG com.bob.Application - Running with Spring Boot v2.0.3.RELEASE, Spring v5.0.7.RELEASE
2018-08-17 15:32:30.983 [restartedMain] DEBUG com.bob.Application - Running with Spring Boot v2.0.3.RELEASE, Spring v5.0.7.RELEASE
2018-08-17 15:32:55.147 [http-nio-8080-exec-7] DEBUG c.b.o.d.LocalAuthMapper.queryLocalByUserNameAndPwd - ==>  Preparing: SELECT l.`local_auth_id`, l.`username`, l.`password`, l.`create_time`, l.`last_edit_time`, p.user_id, p.name, p.profile_img, p.email, p.gender, p.enable_status, p.user_type, p.create_time, p.last_edit_time FROM `tb_local_auth` l left join tb_person_info p on l.user_id = p.user_id where l.username = ? and l.password = ? 
2018-08-17 15:32:55.217 [http-nio-8080-exec-7] DEBUG c.b.o.d.LocalAuthMapper.queryLocalByUserNameAndPwd - ==> Parameters: bob(String), 555elq65be9q529lq62l52095s562l25(String)
2018-08-17 15:32:55.290 [http-nio-8080-exec-7] DEBUG c.b.o.d.LocalAuthMapper.queryLocalByUserNameAndPwd - <==      Total: 1
2018-08-17 15:32:55.541 [http-nio-8080-exec-9] DEBUG com.bob.o2o.dao.ShopMapper.queryShopList - ==>  Preparing: SELECT s.`shop_id`, s.`shop_name`, s.`shop_desc`, s.`shop_addr`, s.`phone`, s.`shop_img`, s.`priority`, s.`create_time`, s.`last_edit_time`, s.`enable_status`, s.`advice`, a.`area_id`, a.area_name, sc.`shop_category_id`, sc.shop_category_name FROM `tb_shop` s, tb_area a, tb_shop_category sc WHERE s.owner_id = ? and s.area_id = a.area_id and s.shop_category_id = sc.shop_category_id order by s.priority desc limit ?,? 
2018-08-17 15:32:55.541 [http-nio-8080-exec-9] DEBUG com.bob.o2o.dao.ShopMapper.queryShopList - ==> Parameters: 1(Long), 0(Integer), 100(Integer)
2018-08-17 15:32:55.571 [http-nio-8080-exec-9] DEBUG com.bob.o2o.dao.ShopMapper.queryShopList - <==      Total: 31
2018-08-17 15:32:55.573 [http-nio-8080-exec-9] DEBUG com.bob.o2o.dao.ShopMapper.queryShopCount - ==>  Preparing: select count(1) from `tb_shop` s, tb_area a, tb_shop_category sc WHERE s.owner_id = ? and s.area_id = a.area_id and s.shop_category_id = sc.shop_category_id 
2018-08-17 15:32:55.573 [http-nio-8080-exec-9] DEBUG com.bob.o2o.dao.ShopMapper.queryShopCount - ==> Parameters: 1(Long)
2018-08-17 15:32:55.575 [http-nio-8080-exec-9] DEBUG com.bob.o2o.dao.ShopMapper.queryShopCount - <==      Total: 1
2018-08-17 15:32:58.423 [http-nio-8080-exec-1] DEBUG com.bob.o2o.dao.ShopMapper.queryShopList - ==>  Preparing: SELECT s.`shop_id`, s.`shop_name`, s.`shop_desc`, s.`shop_addr`, s.`phone`, s.`shop_img`, s.`priority`, s.`create_time`, s.`last_edit_time`, s.`enable_status`, s.`advice`, a.`area_id`, a.area_name, sc.`shop_category_id`, sc.shop_category_name FROM `tb_shop` s, tb_area a, tb_shop_category sc WHERE s.owner_id = ? and s.area_id = a.area_id and s.shop_category_id = sc.shop_category_id order by s.priority desc limit ?,? 
2018-08-17 15:32:58.424 [http-nio-8080-exec-1] DEBUG com.bob.o2o.dao.ShopMapper.queryShopList - ==> Parameters: 1(Long), 0(Integer), 100(Integer)
2018-08-17 15:32:58.443 [http-nio-8080-exec-1] DEBUG com.bob.o2o.dao.ShopMapper.queryShopList - <==      Total: 31
2018-08-17 15:32:58.444 [http-nio-8080-exec-1] DEBUG com.bob.o2o.dao.ShopMapper.queryShopCount - ==>  Preparing: select count(1) from `tb_shop` s, tb_area a, tb_shop_category sc WHERE s.owner_id = ? and s.area_id = a.area_id and s.shop_category_id = sc.shop_category_id 
2018-08-17 15:32:58.445 [http-nio-8080-exec-1] DEBUG com.bob.o2o.dao.ShopMapper.queryShopCount - ==> Parameters: 1(Long)
2018-08-17 15:32:58.445 [http-nio-8080-exec-1] DEBUG com.bob.o2o.dao.ShopMapper.queryShopCount - <==      Total: 1
2018-08-17 15:33:51.584 [http-nio-8080-exec-6] DEBUG c.b.o.d.LocalAuthMapper.queryLocalByUserNameAndPwd - ==>  Preparing: SELECT l.`local_auth_id`, l.`username`, l.`password`, l.`create_time`, l.`last_edit_time`, p.user_id, p.name, p.profile_img, p.email, p.gender, p.enable_status, p.user_type, p.create_time, p.last_edit_time FROM `tb_local_auth` l left join tb_person_info p on l.user_id = p.user_id where l.username = ? and l.password = ? 
2018-08-17 15:33:51.584 [http-nio-8080-exec-6] DEBUG c.b.o.d.LocalAuthMapper.queryLocalByUserNameAndPwd - ==> Parameters: bob(String), 555elq65be9q529lq62l52095s562l25(String)
2018-08-17 15:33:51.586 [http-nio-8080-exec-6] DEBUG c.b.o.d.LocalAuthMapper.queryLocalByUserNameAndPwd - <==      Total: 1
2018-08-17 15:33:51.637 [http-nio-8080-exec-7] DEBUG com.bob.o2o.dao.ShopMapper.queryShopList - ==>  Preparing: SELECT s.`shop_id`, s.`shop_name`, s.`shop_desc`, s.`shop_addr`, s.`phone`, s.`shop_img`, s.`priority`, s.`create_time`, s.`last_edit_time`, s.`enable_status`, s.`advice`, a.`area_id`, a.area_name, sc.`shop_category_id`, sc.shop_category_name FROM `tb_shop` s, tb_area a, tb_shop_category sc WHERE s.owner_id = ? and s.area_id = a.area_id and s.shop_category_id = sc.shop_category_id order by s.priority desc limit ?,? 
2018-08-17 15:33:51.638 [http-nio-8080-exec-7] DEBUG com.bob.o2o.dao.ShopMapper.queryShopList - ==> Parameters: 1(Long), 0(Integer), 100(Integer)
2018-08-17 15:33:51.647 [http-nio-8080-exec-7] DEBUG com.bob.o2o.dao.ShopMapper.queryShopList - <==      Total: 31
2018-08-17 15:33:51.648 [http-nio-8080-exec-7] DEBUG com.bob.o2o.dao.ShopMapper.queryShopCount - ==>  Preparing: select count(1) from `tb_shop` s, tb_area a, tb_shop_category sc WHERE s.owner_id = ? and s.area_id = a.area_id and s.shop_category_id = sc.shop_category_id 
2018-08-17 15:33:51.648 [http-nio-8080-exec-7] DEBUG com.bob.o2o.dao.ShopMapper.queryShopCount - ==> Parameters: 1(Long)
2018-08-17 15:33:51.649 [http-nio-8080-exec-7] DEBUG com.bob.o2o.dao.ShopMapper.queryShopCount - <==      Total: 1
2018-08-17 15:33:57.139 [http-nio-8080-exec-9] DEBUG com.bob.o2o.dao.ShopMapper.queryShopList - ==>  Preparing: SELECT s.`shop_id`, s.`shop_name`, s.`shop_desc`, s.`shop_addr`, s.`phone`, s.`shop_img`, s.`priority`, s.`create_time`, s.`last_edit_time`, s.`enable_status`, s.`advice`, a.`area_id`, a.area_name, sc.`shop_category_id`, sc.shop_category_name FROM `tb_shop` s, tb_area a, tb_shop_category sc WHERE s.owner_id = ? and s.area_id = a.area_id and s.shop_category_id = sc.shop_category_id order by s.priority desc limit ?,? 
2018-08-17 15:33:57.142 [http-nio-8080-exec-9] DEBUG com.bob.o2o.dao.ShopMapper.queryShopList - ==> Parameters: 1(Long), 0(Integer), 100(Integer)
2018-08-17 15:33:57.153 [http-nio-8080-exec-9] DEBUG com.bob.o2o.dao.ShopMapper.queryShopList - <==      Total: 31
2018-08-17 15:33:57.153 [http-nio-8080-exec-9] DEBUG com.bob.o2o.dao.ShopMapper.queryShopCount - ==>  Preparing: select count(1) from `tb_shop` s, tb_area a, tb_shop_category sc WHERE s.owner_id = ? and s.area_id = a.area_id and s.shop_category_id = sc.shop_category_id 
2018-08-17 15:33:57.154 [http-nio-8080-exec-9] DEBUG com.bob.o2o.dao.ShopMapper.queryShopCount - ==> Parameters: 1(Long)
2018-08-17 15:33:57.157 [http-nio-8080-exec-9] DEBUG com.bob.o2o.dao.ShopMapper.queryShopCount - <==      Total: 1
2018-08-17 15:35:10.793 [http-nio-8080-exec-4] DEBUG com.bob.o2o.dao.ShopMapper.queryShopList - ==>  Preparing: SELECT s.`shop_id`, s.`shop_name`, s.`shop_desc`, s.`shop_addr`, s.`phone`, s.`shop_img`, s.`priority`, s.`create_time`, s.`last_edit_time`, s.`enable_status`, s.`advice`, a.`area_id`, a.area_name, sc.`shop_category_id`, sc.shop_category_name FROM `tb_shop` s, tb_area a, tb_shop_category sc WHERE s.owner_id = ? and s.area_id = a.area_id and s.shop_category_id = sc.shop_category_id order by s.priority desc limit ?,? 
2018-08-17 15:35:10.793 [http-nio-8080-exec-4] DEBUG com.bob.o2o.dao.ShopMapper.queryShopList - ==> Parameters: 1(Long), 0(Integer), 100(Integer)
2018-08-17 15:35:10.805 [http-nio-8080-exec-4] DEBUG com.bob.o2o.dao.ShopMapper.queryShopList - <==      Total: 31
2018-08-17 15:35:10.805 [http-nio-8080-exec-4] DEBUG com.bob.o2o.dao.ShopMapper.queryShopCount - ==>  Preparing: select count(1) from `tb_shop` s, tb_area a, tb_shop_category sc WHERE s.owner_id = ? and s.area_id = a.area_id and s.shop_category_id = sc.shop_category_id 
2018-08-17 15:35:10.805 [http-nio-8080-exec-4] DEBUG com.bob.o2o.dao.ShopMapper.queryShopCount - ==> Parameters: 1(Long)
2018-08-17 15:35:10.806 [http-nio-8080-exec-4] DEBUG com.bob.o2o.dao.ShopMapper.queryShopCount - <==      Total: 1
2018-08-17 15:39:26.191 [http-nio-8080-exec-3] DEBUG c.b.o.d.LocalAuthMapper.queryLocalByUserNameAndPwd - ==>  Preparing: SELECT l.`local_auth_id`, l.`username`, l.`password`, l.`create_time`, l.`last_edit_time`, p.user_id, p.name, p.profile_img, p.email, p.gender, p.enable_status, p.user_type, p.create_time, p.last_edit_time FROM `tb_local_auth` l left join tb_person_info p on l.user_id = p.user_id where l.username = ? and l.password = ? 
2018-08-17 15:39:26.192 [http-nio-8080-exec-3] DEBUG c.b.o.d.LocalAuthMapper.queryLocalByUserNameAndPwd - ==> Parameters: bob(String), 555elq65be9q529lq62l52095s562l25(String)
2018-08-17 15:39:26.195 [http-nio-8080-exec-3] DEBUG c.b.o.d.LocalAuthMapper.queryLocalByUserNameAndPwd - <==      Total: 1
2018-08-17 15:39:26.270 [http-nio-8080-exec-7] DEBUG com.bob.o2o.dao.ShopMapper.queryShopList - ==>  Preparing: SELECT s.`shop_id`, s.`shop_name`, s.`shop_desc`, s.`shop_addr`, s.`phone`, s.`shop_img`, s.`priority`, s.`create_time`, s.`last_edit_time`, s.`enable_status`, s.`advice`, a.`area_id`, a.area_name, sc.`shop_category_id`, sc.shop_category_name FROM `tb_shop` s, tb_area a, tb_shop_category sc WHERE s.owner_id = ? and s.area_id = a.area_id and s.shop_category_id = sc.shop_category_id order by s.priority desc limit ?,? 
2018-08-17 15:39:26.270 [http-nio-8080-exec-7] DEBUG com.bob.o2o.dao.ShopMapper.queryShopList - ==> Parameters: 1(Long), 0(Integer), 100(Integer)
2018-08-17 15:39:26.276 [http-nio-8080-exec-7] DEBUG com.bob.o2o.dao.ShopMapper.queryShopList - <==      Total: 31
2018-08-17 15:39:26.279 [http-nio-8080-exec-7] DEBUG com.bob.o2o.dao.ShopMapper.queryShopCount - ==>  Preparing: select count(1) from `tb_shop` s, tb_area a, tb_shop_category sc WHERE s.owner_id = ? and s.area_id = a.area_id and s.shop_category_id = sc.shop_category_id 
2018-08-17 15:39:26.279 [http-nio-8080-exec-7] DEBUG com.bob.o2o.dao.ShopMapper.queryShopCount - ==> Parameters: 1(Long)
2018-08-17 15:39:26.281 [http-nio-8080-exec-7] DEBUG com.bob.o2o.dao.ShopMapper.queryShopCount - <==      Total: 1
2018-08-17 15:39:30.249 [http-nio-8080-exec-1] DEBUG com.bob.o2o.dao.ShopMapper.queryShopList - ==>  Preparing: SELECT s.`shop_id`, s.`shop_name`, s.`shop_desc`, s.`shop_addr`, s.`phone`, s.`shop_img`, s.`priority`, s.`create_time`, s.`last_edit_time`, s.`enable_status`, s.`advice`, a.`area_id`, a.area_name, sc.`shop_category_id`, sc.shop_category_name FROM `tb_shop` s, tb_area a, tb_shop_category sc WHERE s.owner_id = ? and s.area_id = a.area_id and s.shop_category_id = sc.shop_category_id order by s.priority desc limit ?,? 
2018-08-17 15:39:30.251 [http-nio-8080-exec-1] DEBUG com.bob.o2o.dao.ShopMapper.queryShopList - ==> Parameters: 1(Long), 0(Integer), 100(Integer)
2018-08-17 15:39:30.257 [http-nio-8080-exec-1] DEBUG com.bob.o2o.dao.ShopMapper.queryShopList - <==      Total: 31
2018-08-17 15:39:30.262 [http-nio-8080-exec-1] DEBUG com.bob.o2o.dao.ShopMapper.queryShopCount - ==>  Preparing: select count(1) from `tb_shop` s, tb_area a, tb_shop_category sc WHERE s.owner_id = ? and s.area_id = a.area_id and s.shop_category_id = sc.shop_category_id 
2018-08-17 15:39:30.263 [http-nio-8080-exec-1] DEBUG com.bob.o2o.dao.ShopMapper.queryShopCount - ==> Parameters: 1(Long)
2018-08-17 15:39:30.264 [http-nio-8080-exec-1] DEBUG com.bob.o2o.dao.ShopMapper.queryShopCount - <==      Total: 1
2018-08-17 16:35:01.220 [restartedMain] DEBUG com.bob.Application - Running with Spring Boot v2.0.3.RELEASE, Spring v5.0.7.RELEASE
2018-08-17 16:55:10.340 [restartedMain] DEBUG com.bob.Application - Running with Spring Boot v2.0.3.RELEASE, Spring v5.0.7.RELEASE
2018-08-17 16:59:35.325 [restartedMain] DEBUG com.bob.Application - Running with Spring Boot v2.0.3.RELEASE, Spring v5.0.7.RELEASE
