2018-08-14 10:21:28.176 [restartedMain] INFO  com.bob.Application - Starting Application on DESKTOP-6V9R83N with PID 14812 (E:\eclipse-javaee\O2O\target\classes started by DELL in E:\eclipse-javaee\O2O)
2018-08-14 10:21:28.303 [restartedMain] INFO  com.bob.Application - No active profile set, falling back to default profiles: default
2018-08-14 10:21:34.688 [restartedMain] INFO  com.bob.Application - Started Application in 6.934 seconds (JVM running for 7.863)
2018-08-14 10:30:18.738 [restartedMain] INFO  com.bob.Application - Starting Application on DESKTOP-6V9R83N with PID 10964 (E:\eclipse-javaee\O2O\target\classes started by DELL in E:\eclipse-javaee\O2O)
2018-08-14 10:30:18.749 [restartedMain] INFO  com.bob.Application - No active profile set, falling back to default profiles: default
2018-08-14 10:30:25.048 [restartedMain] INFO  com.bob.Application - Started Application in 6.72 seconds (JVM running for 7.856)
2018-08-14 15:22:15.876 [main] INFO  com.bob.test.ShopMapperTest - Starting ShopMapperTest on DESKTOP-6V9R83N with PID 17564 (started by DELL in E:\eclipse-javaee\O2O)
2018-08-14 15:22:15.878 [main] INFO  com.bob.test.ShopMapperTest - No active profile set, falling back to default profiles: default
2018-08-14 15:22:19.192 [main] INFO  com.bob.test.ShopMapperTest - Started ShopMapperTest in 3.659 seconds (JVM running for 5.074)
2018-08-14 15:24:21.102 [main] INFO  com.bob.test.ShopMapperTest - Starting ShopMapperTest on DESKTOP-6V9R83N with PID 20364 (started by DELL in E:\eclipse-javaee\O2O)
2018-08-14 15:24:21.104 [main] INFO  com.bob.test.ShopMapperTest - No active profile set, falling back to default profiles: default
2018-08-14 15:24:24.298 [main] INFO  com.bob.test.ShopMapperTest - Started ShopMapperTest in 3.525 seconds (JVM running for 4.63)
2018-08-14 15:26:03.188 [main] INFO  com.bob.test.ShopMapperTest - Starting ShopMapperTest on DESKTOP-6V9R83N with PID 22552 (started by DELL in E:\eclipse-javaee\O2O)
2018-08-14 15:26:03.193 [main] INFO  com.bob.test.ShopMapperTest - No active profile set, falling back to default profiles: default
2018-08-14 15:26:06.368 [main] INFO  com.bob.test.ShopMapperTest - Started ShopMapperTest in 3.489 seconds (JVM running for 4.594)
2018-08-14 15:28:12.696 [main] INFO  com.bob.test.ShopMapperTest - Starting ShopMapperTest on DESKTOP-6V9R83N with PID 18948 (started by DELL in E:\eclipse-javaee\O2O)
2018-08-14 15:28:12.699 [main] INFO  com.bob.test.ShopMapperTest - No active profile set, falling back to default profiles: default
2018-08-14 15:28:15.869 [main] INFO  com.bob.test.ShopMapperTest - Started ShopMapperTest in 3.497 seconds (JVM running for 4.57)
2018-08-14 15:28:35.816 [main] INFO  com.bob.test.ShopMapperTest - Starting ShopMapperTest on DESKTOP-6V9R83N with PID 21264 (started by DELL in E:\eclipse-javaee\O2O)
2018-08-14 15:28:35.819 [main] INFO  com.bob.test.ShopMapperTest - No active profile set, falling back to default profiles: default
2018-08-14 15:28:39.003 [main] INFO  com.bob.test.ShopMapperTest - Started ShopMapperTest in 3.5 seconds (JVM running for 4.576)
2018-08-14 15:33:16.468 [main] INFO  com.bob.test.ShopMapperTest - Starting ShopMapperTest on DESKTOP-6V9R83N with PID 16512 (started by DELL in E:\eclipse-javaee\O2O)
2018-08-14 15:33:16.470 [main] INFO  com.bob.test.ShopMapperTest - No active profile set, falling back to default profiles: default
2018-08-14 15:33:19.616 [main] INFO  com.bob.test.ShopMapperTest - Started ShopMapperTest in 3.449 seconds (JVM running for 4.528)
2018-08-14 16:00:09.437 [restartedMain] INFO  com.bob.Application - Starting Application on DESKTOP-6V9R83N with PID 15864 (E:\eclipse-javaee\O2O\target\classes started by DELL in E:\eclipse-javaee\O2O)
2018-08-14 16:00:09.443 [restartedMain] INFO  com.bob.Application - No active profile set, falling back to default profiles: default
2018-08-14 16:00:16.802 [restartedMain] INFO  com.bob.Application - Started Application in 7.789 seconds (JVM running for 8.917)
2018-08-14 17:22:08.972 [restartedMain] INFO  com.bob.Application - Starting Application on DESKTOP-6V9R83N with PID 18420 (E:\eclipse-javaee\O2O\target\classes started by DELL in E:\eclipse-javaee\O2O)
2018-08-14 17:22:08.979 [restartedMain] INFO  com.bob.Application - No active profile set, falling back to default profiles: default
2018-08-14 17:22:16.637 [restartedMain] INFO  com.bob.Application - Started Application in 8.176 seconds (JVM running for 9.112)
